[debug] [2021-07-21T18:13:00.631Z] ----------------------------------------------------------------------
[debug] [2021-07-21T18:13:00.633Z] Command:       /usr/local/bin/firebase /home/shardister/.cache/firebase/tools/lib/node_modules/firebase-tools/lib/bin/firebase deploy
[debug] [2021-07-21T18:13:00.634Z] CLI Version:   9.12.1
[debug] [2021-07-21T18:13:00.634Z] Platform:      linux
[debug] [2021-07-21T18:13:00.634Z] Node Version:  v12.18.1
[debug] [2021-07-21T18:13:00.634Z] Time:          Wed Jul 21 2021 11:13:00 GMT-0700 (Pacific Daylight Time)
[debug] [2021-07-21T18:13:00.635Z] ----------------------------------------------------------------------
[debug] 
[debug] [2021-07-21T18:13:00.643Z] > command requires scopes: ["email","openid","https://www.googleapis.com/auth/cloudplatformprojects.readonly","https://www.googleapis.com/auth/firebase","https://www.googleapis.com/auth/cloud-platform"]
[debug] [2021-07-21T18:13:00.643Z] > authorizing via signed-in user (shardister3@gmail.com)
[debug] [2021-07-21T18:13:00.643Z] [iam] checking project sydney-story-demo for permissions ["firebase.projects.get","firebasehosting.sites.update"]
[debug] [2021-07-21T18:13:00.646Z] > refreshing access token with scopes: ["email","https://www.googleapis.com/auth/cloud-platform","https://www.googleapis.com/auth/cloudplatformprojects.readonly","https://www.googleapis.com/auth/firebase","openid"]
[debug] [2021-07-21T18:13:00.646Z] >>> HTTP REQUEST POST https://www.googleapis.com/oauth2/v3/token  
 <request body omitted>
[debug] [2021-07-21T18:13:00.801Z] <<< HTTP RESPONSE 200 {"expires":"Mon, 01 Jan 1990 00:00:00 GMT","cache-control":"no-cache, no-store, max-age=0, must-revalidate","pragma":"no-cache","date":"Wed, 21 Jul 2021 18:13:01 GMT","content-type":"application/json; charset=utf-8","vary":"X-Origin, Referer, Origin,Accept-Encoding","server":"scaffolding on HTTPServer2","x-xss-protection":"0","x-frame-options":"SAMEORIGIN","x-content-type-options":"nosniff","alt-svc":"h3=\":443\"; ma=2592000,h3-29=\":443\"; ma=2592000,h3-T051=\":443\"; ma=2592000,h3-Q050=\":443\"; ma=2592000,h3-Q046=\":443\"; ma=2592000,h3-Q043=\":443\"; ma=2592000,quic=\":443\"; ma=2592000; v=\"46,43\"","accept-ranges":"none","transfer-encoding":"chunked"}
[debug] [2021-07-21T18:13:00.960Z] >>> HTTP REQUEST POST https://cloudresourcemanager.googleapis.com/v1/projects/sydney-story-demo:testIamPermissions  
 {"permissions":["firebase.projects.get","firebasehosting.sites.update"]}
[debug] [2021-07-21T18:13:01.328Z] <<< HTTP RESPONSE 200 {"content-type":"application/json; charset=UTF-8","vary":"X-Origin, Referer, Origin,Accept-Encoding","date":"Wed, 21 Jul 2021 18:13:01 GMT","server":"ESF","cache-control":"private","x-xss-protection":"0","x-frame-options":"SAMEORIGIN","x-content-type-options":"nosniff","server-timing":"gfet4t7; dur=190","alt-svc":"h3=\":443\"; ma=2592000,h3-29=\":443\"; ma=2592000,h3-T051=\":443\"; ma=2592000,h3-Q050=\":443\"; ma=2592000,h3-Q046=\":443\"; ma=2592000,h3-Q043=\":443\"; ma=2592000,quic=\":443\"; ma=2592000; v=\"46,43\"","accept-ranges":"none","transfer-encoding":"chunked"}
[debug] [2021-07-21T18:13:01.337Z] > refreshing access token with scopes: []
[debug] [2021-07-21T18:13:01.339Z] >>> HTTP REQUEST POST https://www.googleapis.com/oauth2/v3/token  
 <request body omitted>
[debug] [2021-07-21T18:13:01.493Z] <<< HTTP RESPONSE 200 {"pragma":"no-cache","cache-control":"no-cache, no-store, max-age=0, must-revalidate","date":"Wed, 21 Jul 2021 18:13:02 GMT","expires":"Mon, 01 Jan 1990 00:00:00 GMT","content-type":"application/json; charset=utf-8","vary":"X-Origin, Referer, Origin,Accept-Encoding","server":"scaffolding on HTTPServer2","x-xss-protection":"0","x-frame-options":"SAMEORIGIN","x-content-type-options":"nosniff","alt-svc":"h3=\":443\"; ma=2592000,h3-29=\":443\"; ma=2592000,h3-T051=\":443\"; ma=2592000,h3-Q050=\":443\"; ma=2592000,h3-Q046=\":443\"; ma=2592000,h3-Q043=\":443\"; ma=2592000,quic=\":443\"; ma=2592000; v=\"46,43\"","accept-ranges":"none","transfer-encoding":"chunked"}
[debug] [2021-07-21T18:13:01.564Z] >>> [apiv2][query] GET https://firebase.googleapis.com/v1beta1/projects/sydney-story-demo [none]
[debug] [2021-07-21T18:13:01.802Z] <<< [apiv2][status] GET https://firebase.googleapis.com/v1beta1/projects/sydney-story-demo 200
[debug] [2021-07-21T18:13:01.802Z] <<< [apiv2][body] GET https://firebase.googleapis.com/v1beta1/projects/sydney-story-demo {"projectId":"sydney-story-demo","projectNumber":"301850509732","displayName":"Sydney Story Demo","name":"projects/sydney-story-demo","resources":{"hostingSite":"sydney-story-demo"},"state":"ACTIVE"}
[info] 
[info] === Deploying to 'sydney-story-demo'...
[info] 
[info] i  deploying hosting 
[debug] [2021-07-21T18:13:01.809Z] > refreshing access token with scopes: ["email","https://www.googleapis.com/auth/cloud-platform","https://www.googleapis.com/auth/cloudplatformprojects.readonly","https://www.googleapis.com/auth/firebase","openid"]
[debug] [2021-07-21T18:13:01.809Z] >>> HTTP REQUEST POST https://www.googleapis.com/oauth2/v3/token  
 <request body omitted>
[debug] [2021-07-21T18:13:01.915Z] <<< HTTP RESPONSE 200 {"expires":"Mon, 01 Jan 1990 00:00:00 GMT","cache-control":"no-cache, no-store, max-age=0, must-revalidate","date":"Wed, 21 Jul 2021 18:13:02 GMT","pragma":"no-cache","content-type":"application/json; charset=utf-8","vary":"X-Origin, Referer, Origin,Accept-Encoding","server":"scaffolding on HTTPServer2","x-xss-protection":"0","x-frame-options":"SAMEORIGIN","x-content-type-options":"nosniff","alt-svc":"h3=\":443\"; ma=2592000,h3-29=\":443\"; ma=2592000,h3-T051=\":443\"; ma=2592000,h3-Q050=\":443\"; ma=2592000,h3-Q046=\":443\"; ma=2592000,h3-Q043=\":443\"; ma=2592000,quic=\":443\"; ma=2592000; v=\"46,43\"","accept-ranges":"none","transfer-encoding":"chunked"}
[debug] [2021-07-21T18:13:02.056Z] >>> HTTP REQUEST POST https://firebasehosting.googleapis.com/v1beta1/sites/sydney-story-demo/versions  
 {"config":{},"labels":{"deployment-tool":"cli-firebase"}}
[debug] [2021-07-21T18:13:02.919Z] <<< HTTP RESPONSE 200 {"content-type":"application/json; charset=UTF-8","vary":"X-Origin, Referer, Origin,Accept-Encoding","date":"Wed, 21 Jul 2021 18:13:03 GMT","server":"ESF","cache-control":"private","x-xss-protection":"0","x-frame-options":"SAMEORIGIN","x-content-type-options":"nosniff","alt-svc":"h3=\":443\"; ma=2592000,h3-29=\":443\"; ma=2592000,h3-T051=\":443\"; ma=2592000,h3-Q050=\":443\"; ma=2592000,h3-Q046=\":443\"; ma=2592000,h3-Q043=\":443\"; ma=2592000,quic=\":443\"; ma=2592000; v=\"46,43\"","accept-ranges":"none","transfer-encoding":"chunked"}
[info] i  hosting[sydney-story-demo]: beginning deploy... 
[info] i  hosting[sydney-story-demo]: found 2106 files in firebase 
