alp.max.js
alp.max.js.map
amp-inabox-host.js
amp-inabox-host.js.map
amp-inabox.js
amp-inabox.js.map
amp-shadow.js
amp-shadow.js.map
amp-story-entry-point.js
amp-story-entry-point.js.map
amp-story-player.js
amp-story-player.js.map
amp.js
amp.js.map
bento.max.js
bento.max.js.map
custom-elements-polyfill.max.js
v0
video-iframe-integration.js
video-iframe-integration.js.map
ww.max.js
ww.max.js.map

dist/v0:
amp-3d-gltf-0.1.max.js
amp-3d-gltf-0.1.max.js.map
amp-3d-gltf-latest.max.js
amp-3q-player-0.1.max.js
amp-3q-player-0.1.max.js.map
amp-3q-player-latest.max.js
amp-access-0.1.max.js
amp-access-0.1.max.js.map
amp-access-fewcents-0.1.max.js
amp-access-fewcents-0.1.max.js.map
amp-access-laterpay-0.1.max.js
amp-access-laterpay-0.1.max.js.map
amp-access-laterpay-0.2.max.js
amp-access-laterpay-0.2.max.js.map
amp-access-laterpay-latest.max.js
amp-access-latest.max.js
amp-access-poool-0.1.max.js
amp-access-poool-0.1.max.js.map
amp-access-poool-latest.max.js
amp-access-scroll-0.1.max.js
amp-access-scroll-0.1.max.js.map
amp-access-scroll-latest.max.js
amp-accordion-0.1.max.js
amp-accordion-0.1.max.js.map
amp-accordion-1.0.max.js
amp-accordion-1.0.max.js.map
amp-accordion-latest.max.js
amp-action-macro-0.1.max.js
amp-action-macro-0.1.max.js.map
amp-action-macro-latest.max.js
amp-ad-0.1.max.js
amp-ad-0.1.max.js.map
amp-ad-custom-0.1.max.js
amp-ad-custom-0.1.max.js.map
amp-ad-custom-latest.max.js
amp-ad-exit-0.1.max.js
amp-ad-exit-0.1.max.js.map
amp-ad-exit-latest.max.js
amp-ad-latest.max.js
amp-ad-network-adsense-impl-0.1.max.js
amp-ad-network-adsense-impl-0.1.max.js.map
amp-ad-network-adsense-impl-latest.max.js
amp-ad-network-adzerk-impl-0.1.max.js
amp-ad-network-adzerk-impl-0.1.max.js.map
amp-ad-network-adzerk-impl-latest.max.js
amp-ad-network-dianomi-impl-0.1.max.js
amp-ad-network-dianomi-impl-0.1.max.js.map
amp-ad-network-dianomi-impl-latest.max.js
amp-ad-network-doubleclick-impl-0.1.max.js
amp-ad-network-doubleclick-impl-0.1.max.js.map
amp-ad-network-doubleclick-impl-latest.max.js
amp-ad-network-fake-impl-0.1.max.js
amp-ad-network-fake-impl-0.1.max.js.map
amp-ad-network-fake-impl-latest.max.js
amp-ad-network-nws-impl-0.1.max.js
amp-ad-network-nws-impl-0.1.max.js.map
amp-ad-network-nws-impl-latest.max.js
amp-ad-network-smartadserver-impl-0.1.max.js
amp-ad-network-smartadserver-impl-0.1.max.js.map
amp-ad-network-valueimpression-impl-0.1.max.js
amp-ad-network-valueimpression-impl-0.1.max.js.map
amp-ad-network-valueimpression-impl-latest.max.js
amp-addthis-0.1.max.js
amp-addthis-0.1.max.js.map
amp-addthis-latest.max.js
amp-analytics-0.1.max.js
amp-analytics-0.1.max.js.map
amp-analytics-latest.max.js
amp-anim-0.1.max.js
amp-anim-0.1.max.js.map
amp-anim-latest.max.js
amp-animation-0.1.max.js
amp-animation-0.1.max.js.map
amp-animation-latest.max.js
amp-animation-polyfill-0.1.max.js
amp-animation-polyfill-0.1.max.js.map
amp-animation-polyfill-latest.max.js
amp-apester-media-0.1.max.js
amp-apester-media-0.1.max.js.map
amp-apester-media-latest.max.js
amp-app-banner-0.1.max.js
amp-app-banner-0.1.max.js.map
amp-app-banner-latest.max.js
amp-audio-0.1.max.js
amp-audio-0.1.max.js.map
amp-audio-latest.max.js
amp-auto-ads-0.1.max.js
amp-auto-ads-0.1.max.js.map
amp-auto-ads-latest.max.js
amp-auto-lightbox-0.1.max.js
amp-auto-lightbox-0.1.max.js.map
amp-auto-lightbox-latest.max.js
amp-autocomplete-0.1.max.js
amp-autocomplete-0.1.max.js.map
amp-autocomplete-latest.max.js
amp-base-carousel-0.1.max.js
amp-base-carousel-0.1.max.js.map
amp-base-carousel-1.0.max.js
amp-base-carousel-1.0.max.js.map
amp-base-carousel-latest.max.js
amp-beopinion-0.1.max.js
amp-beopinion-0.1.max.js.map
amp-beopinion-latest.max.js
amp-bind-0.1.max.js
amp-bind-0.1.max.js.map
amp-bind-latest.max.js
amp-bodymovin-animation-0.1.max.js
amp-bodymovin-animation-0.1.max.js.map
amp-bodymovin-animation-latest.max.js
amp-brid-player-0.1.max.js
amp-brid-player-0.1.max.js.map
amp-brid-player-latest.max.js
amp-brightcove-0.1.max.js
amp-brightcove-0.1.max.js.map
amp-brightcove-1.0.max.js
amp-brightcove-1.0.max.js.map
amp-brightcove-latest.max.js
amp-byside-content-0.1.max.js
amp-byside-content-0.1.max.js.map
amp-byside-content-latest.max.js
amp-cache-url-0.1.max.js
amp-cache-url-0.1.max.js.map
amp-cache-url-latest.max.js
amp-call-tracking-0.1.max.js
amp-call-tracking-0.1.max.js.map
amp-call-tracking-latest.max.js
amp-carousel-0.1.max.js
amp-carousel-0.1.max.js.map
amp-carousel-0.2.max.js
amp-carousel-0.2.max.js.map
amp-carousel-latest.max.js
amp-connatix-player-0.1.max.js
amp-connatix-player-0.1.max.js.map
amp-connatix-player-latest.max.js
amp-consent-0.1.max.js
amp-consent-0.1.max.js.map
amp-consent-latest.max.js
amp-crypto-polyfill-0.1.max.js
amp-crypto-polyfill-0.1.max.js.map
amp-crypto-polyfill-latest.max.js
amp-dailymotion-0.1.max.js
amp-dailymotion-0.1.max.js.map
amp-dailymotion-1.0.max.js
amp-dailymotion-1.0.max.js.map
amp-dailymotion-latest.max.js
amp-date-countdown-0.1.max.js
amp-date-countdown-0.1.max.js.map
amp-date-countdown-1.0.max.js
amp-date-countdown-1.0.max.js.map
amp-date-countdown-latest.max.js
amp-date-display-0.1.max.js
amp-date-display-0.1.max.js.map
amp-date-display-1.0.max.js
amp-date-display-1.0.max.js.map
amp-date-display-latest.max.js
amp-date-picker-0.1.max.js
amp-date-picker-0.1.max.js.map
amp-date-picker-latest.max.js
amp-delight-player-0.1.max.js
amp-delight-player-0.1.max.js.map
amp-delight-player-latest.max.js
amp-dynamic-css-classes-0.1.max.js
amp-dynamic-css-classes-0.1.max.js.map
amp-dynamic-css-classes-latest.max.js
amp-embedly-card-0.1.max.js
amp-embedly-card-0.1.max.js.map
amp-embedly-card-1.0.max.js
amp-embedly-card-1.0.max.js.map
amp-embedly-card-latest.max.js
amp-experiment-0.1.max.js
amp-experiment-0.1.max.js.map
amp-experiment-1.0.max.js
amp-experiment-1.0.max.js.map
amp-experiment-latest.max.js
amp-facebook-0.1.max.js
amp-facebook-0.1.max.js.map
amp-facebook-1.0.max.js
amp-facebook-1.0.max.js.map
amp-facebook-comments-0.1.max.js
amp-facebook-comments-0.1.max.js.map
amp-facebook-comments-latest.max.js
amp-facebook-latest.max.js
amp-facebook-like-0.1.max.js
amp-facebook-like-0.1.max.js.map
amp-facebook-like-latest.max.js
amp-facebook-page-0.1.max.js
amp-facebook-page-0.1.max.js.map
amp-facebook-page-latest.max.js
amp-fit-text-0.1.max.js
amp-fit-text-0.1.max.js.map
amp-fit-text-1.0.max.js
amp-fit-text-1.0.max.js.map
amp-fit-text-latest.max.js
amp-font-0.1.max.js
amp-font-0.1.max.js.map
amp-font-latest.max.js
amp-form-0.1.max.js
amp-form-0.1.max.js.map
amp-form-latest.max.js
amp-fx-collection-0.1.max.js
amp-fx-collection-0.1.max.js.map
amp-fx-collection-latest.max.js
amp-fx-flying-carpet-0.1.max.js
amp-fx-flying-carpet-0.1.max.js.map
amp-fx-flying-carpet-latest.max.js
amp-geo-0.1.max.js
amp-geo-0.1.max.js.map
amp-geo-latest.max.js
amp-gfycat-0.1.max.js
amp-gfycat-0.1.max.js.map
amp-gfycat-latest.max.js
amp-gist-0.1.max.js
amp-gist-0.1.max.js.map
amp-gist-latest.max.js
amp-google-document-embed-0.1.max.js
amp-google-document-embed-0.1.max.js.map
amp-google-document-embed-latest.max.js
amp-gwd-animation-0.1.max.js
amp-gwd-animation-0.1.max.js.map
amp-gwd-animation-latest.max.js
amp-hulu-0.1.max.js
amp-hulu-0.1.max.js.map
amp-hulu-latest.max.js
amp-iframe-0.1.max.js
amp-iframe-0.1.max.js.map
amp-iframe-1.0.max.js
amp-iframe-1.0.max.js.map
amp-iframe-latest.max.js
amp-iframely-0.1.max.js
amp-iframely-0.1.max.js.map
amp-iframely-latest.max.js
amp-ima-video-0.1.max.js
amp-ima-video-0.1.max.js.map
amp-ima-video-latest.max.js
amp-image-lightbox-0.1.max.js
amp-image-lightbox-0.1.max.js.map
amp-image-lightbox-latest.max.js
amp-image-slider-0.1.max.js
amp-image-slider-0.1.max.js.map
amp-image-slider-latest.max.js
amp-image-viewer-0.1.max.js
amp-image-viewer-0.1.max.js.map
amp-image-viewer-latest.max.js
amp-imgur-0.1.max.js
amp-imgur-0.1.max.js.map
amp-imgur-latest.max.js
amp-inline-gallery-0.1.max.js
amp-inline-gallery-0.1.max.js.map
amp-inline-gallery-1.0.max.js
amp-inline-gallery-1.0.max.js.map
amp-inline-gallery-latest.max.js
amp-inputmask-0.1.max.js
amp-inputmask-0.1.max.js.map
amp-inputmask-latest.max.js
amp-instagram-0.1.max.js
amp-instagram-0.1.max.js.map
amp-instagram-1.0.max.js
amp-instagram-1.0.max.js.map
amp-instagram-latest.max.js
amp-install-serviceworker-0.1.max.js
amp-install-serviceworker-0.1.max.js.map
amp-install-serviceworker-latest.max.js
amp-intersection-observer-polyfill-0.1.max.js
amp-intersection-observer-polyfill-0.1.max.js.map
amp-intersection-observer-polyfill-latest.max.js
amp-izlesene-0.1.max.js
amp-izlesene-0.1.max.js.map
amp-izlesene-latest.max.js
amp-jwplayer-0.1.max.js
amp-jwplayer-0.1.max.js.map
amp-jwplayer-1.0.max.js
amp-jwplayer-1.0.max.js.map
amp-jwplayer-latest.max.js
amp-kaltura-player-0.1.max.js
amp-kaltura-player-0.1.max.js.map
amp-kaltura-player-latest.max.js
amp-lightbox-0.1.max.js
amp-lightbox-0.1.max.js.map
amp-lightbox-1.0.max.js
amp-lightbox-1.0.max.js.map
amp-lightbox-gallery-0.1.max.js
amp-lightbox-gallery-0.1.max.js.map
amp-lightbox-gallery-1.0.max.js
amp-lightbox-gallery-1.0.max.js.map
amp-lightbox-gallery-latest.max.js
amp-lightbox-latest.max.js
amp-link-rewriter-0.1.max.js
amp-link-rewriter-0.1.max.js.map
amp-link-rewriter-latest.max.js
amp-list-0.1.max.js
amp-list-0.1.max.js.map
amp-list-latest.max.js
amp-live-list-0.1.max.js
amp-live-list-0.1.max.js.map
amp-live-list-latest.max.js
amp-loader-0.1.max.js
amp-loader-0.1.max.js.map
amp-loader-latest.max.js
amp-mathml-0.1.max.js
amp-mathml-0.1.max.js.map
amp-mathml-1.0.max.js
amp-mathml-1.0.max.js.map
amp-mathml-latest.max.js
amp-mega-menu-0.1.max.js
amp-mega-menu-0.1.max.js.map
amp-mega-menu-latest.max.js
amp-megaphone-0.1.max.js
amp-megaphone-0.1.max.js.map
amp-megaphone-latest.max.js
amp-minute-media-player-0.1.max.js
amp-minute-media-player-0.1.max.js.map
amp-minute-media-player-latest.max.js
amp-mowplayer-0.1.max.js
amp-mowplayer-0.1.max.js.map
amp-mowplayer-latest.max.js
amp-mraid-0.1.max.js
amp-mraid-0.1.max.js.map
amp-mraid-latest.max.js
amp-mustache-0.1.max.js
amp-mustache-0.1.max.js.map
amp-mustache-0.2.max.js
amp-mustache-0.2.max.js.map
amp-mustache-latest.max.js
amp-nested-menu-0.1.max.js
amp-nested-menu-0.1.max.js.map
amp-nested-menu-latest.max.js
amp-next-page-0.1.max.js
amp-next-page-0.1.max.js.map
amp-next-page-1.0.max.js
amp-next-page-1.0.max.js.map
amp-next-page-latest.max.js
amp-nexxtv-player-0.1.max.js
amp-nexxtv-player-0.1.max.js.map
amp-nexxtv-player-latest.max.js
amp-o2-player-0.1.max.js
amp-o2-player-0.1.max.js.map
amp-o2-player-latest.max.js
amp-onetap-google-0.1.max.js
amp-onetap-google-0.1.max.js.map
amp-onetap-google-latest.max.js
amp-ooyala-player-0.1.max.js
amp-ooyala-player-0.1.max.js.map
amp-ooyala-player-latest.max.js
amp-orientation-observer-0.1.max.js
amp-orientation-observer-0.1.max.js.map
amp-orientation-observer-latest.max.js
amp-pan-zoom-0.1.max.js
amp-pan-zoom-0.1.max.js.map
amp-pan-zoom-latest.max.js
amp-pinterest-0.1.max.js
amp-pinterest-0.1.max.js.map
amp-pinterest-latest.max.js
amp-playbuzz-0.1.max.js
amp-playbuzz-0.1.max.js.map
amp-playbuzz-latest.max.js
amp-position-observer-0.1.max.js
amp-position-observer-0.1.max.js.map
amp-position-observer-latest.max.js
amp-powr-player-0.1.max.js
amp-powr-player-0.1.max.js.map
amp-powr-player-latest.max.js
amp-reach-player-0.1.max.js
amp-reach-player-0.1.max.js.map
amp-reach-player-latest.max.js
amp-recaptcha-input-0.1.max.js
amp-recaptcha-input-0.1.max.js.map
amp-recaptcha-input-latest.max.js
amp-redbull-player-0.1.max.js
amp-redbull-player-0.1.max.js.map
amp-redbull-player-latest.max.js
amp-reddit-0.1.max.js
amp-reddit-0.1.max.js.map
amp-reddit-latest.max.js
amp-render-1.0.max.js
amp-render-1.0.max.js.map
amp-render-latest.max.js
amp-resize-observer-polyfill-0.1.max.js
amp-resize-observer-polyfill-0.1.max.js.map
amp-resize-observer-polyfill-latest.max.js
amp-riddle-quiz-0.1.max.js
amp-riddle-quiz-0.1.max.js.map
amp-riddle-quiz-latest.max.js
amp-script-0.1.max.js
amp-script-0.1.max.js.map
amp-script-latest.max.js
amp-script-worker-0.1.js
amp-script-worker-0.1.js.map
amp-script-worker-0.1.max.js
amp-script-worker-0.1.max.js.map
amp-script-worker-0.1.max.mjs
amp-script-worker-0.1.max.mjs.map
amp-script-worker-0.1.mjs
amp-script-worker-0.1.mjs.map
amp-script-worker-nodom-0.1.js
amp-script-worker-nodom-0.1.js.map
amp-script-worker-nodom-0.1.max.js
amp-script-worker-nodom-0.1.max.js.map
amp-script-worker-nodom-0.1.max.mjs
amp-script-worker-nodom-0.1.max.mjs.map
amp-script-worker-nodom-0.1.mjs
amp-script-worker-nodom-0.1.mjs.map
amp-selector-0.1.max.js
amp-selector-0.1.max.js.map
amp-selector-1.0.max.js
amp-selector-1.0.max.js.map
amp-selector-latest.max.js
amp-shadow-dom-polyfill-0.1.max.js
amp-shadow-dom-polyfill-0.1.max.js.map
amp-shadow-dom-polyfill-latest.max.js
amp-sidebar-0.1.max.js
amp-sidebar-0.1.max.js.map
amp-sidebar-0.2.max.js
amp-sidebar-0.2.max.js.map
amp-sidebar-1.0.max.js
amp-sidebar-1.0.max.js.map
amp-sidebar-latest.max.js
amp-skimlinks-0.1.max.js
amp-skimlinks-0.1.max.js.map
amp-skimlinks-latest.max.js
amp-slides-0.1.max.js
amp-slides-0.1.max.js.map
amp-slides-latest.max.js
amp-smartlinks-0.1.max.js
amp-smartlinks-0.1.max.js.map
amp-smartlinks-latest.max.js
amp-social-share-0.1.max.js
amp-social-share-0.1.max.js.map
amp-social-share-1.0.max.js
amp-social-share-1.0.max.js.map
amp-social-share-latest.max.js
amp-soundcloud-0.1.max.js
amp-soundcloud-0.1.max.js.map
amp-soundcloud-1.0.max.js
amp-soundcloud-1.0.max.js.map
amp-soundcloud-latest.max.js
amp-springboard-player-0.1.max.js
amp-springboard-player-0.1.max.js.map
amp-springboard-player-latest.max.js
amp-standalone-0.1.max.js
amp-standalone-0.1.max.js.map
amp-standalone-latest.max.js
amp-sticky-ad-0.1.max.js
amp-sticky-ad-0.1.max.js.map
amp-sticky-ad-1.0.max.js
amp-sticky-ad-1.0.max.js.map
amp-sticky-ad-latest.max.js
amp-story-0.1.max.js
amp-story-0.1.max.js.map
amp-story-1.0.max.js
amp-story-1.0.max.js.map
amp-story-360-0.1.max.js
amp-story-360-0.1.max.js.map
amp-story-360-latest.max.js
amp-story-auto-ads-0.1.max.js
amp-story-auto-ads-0.1.max.js.map
amp-story-auto-ads-latest.max.js
amp-story-auto-analytics-0.1.max.js
amp-story-auto-analytics-0.1.max.js.map
amp-story-auto-analytics-latest.max.js
amp-story-captions-0.1.max.js
amp-story-captions-0.1.max.js.map
amp-story-captions-latest.max.js
amp-story-dev-tools-0.1.max.js
amp-story-dev-tools-0.1.max.js.map
amp-story-dev-tools-latest.max.js
amp-story-education-0.1.max.js
amp-story-education-0.1.max.js.map
amp-story-education-latest.max.js
amp-story-interactive-0.1.max.js
amp-story-interactive-0.1.max.js.map
amp-story-interactive-latest.max.js
amp-story-latest.max.js
amp-story-page-attachment-0.1.max.js
amp-story-page-attachment-0.1.max.js.map
amp-story-panning-media-0.1.max.js
amp-story-panning-media-0.1.max.js.map
amp-story-panning-media-latest.max.js
amp-story-player-0.1.max.js
amp-story-player-0.1.max.js.map
amp-story-player-latest.max.js
amp-story-share-menu-0.1.max.js
amp-story-share-menu-0.1.max.js.map
amp-story-shopping-0.1.max.js
amp-story-shopping-0.1.max.js.map
amp-story-shopping-latest.max.js
amp-story-subscriptions-0.1.max.js
amp-story-subscriptions-0.1.max.js.map
amp-stream-gallery-0.1.max.js
amp-stream-gallery-0.1.max.js.map
amp-stream-gallery-1.0.max.js
amp-stream-gallery-1.0.max.js.map
amp-stream-gallery-latest.max.js
amp-subscriptions-0.1.max.js
amp-subscriptions-0.1.max.js.map
amp-subscriptions-google-0.1.max.js
amp-subscriptions-google-0.1.max.js.map
amp-subscriptions-google-latest.max.js
amp-subscriptions-latest.max.js
amp-tiktok-0.1.max.js
amp-tiktok-0.1.max.js.map
amp-tiktok-latest.max.js
amp-timeago-0.1.max.js
amp-timeago-0.1.max.js.map
amp-timeago-1.0.max.js
amp-timeago-1.0.max.js.map
amp-timeago-latest.max.js
amp-truncate-text-0.1.max.js
amp-truncate-text-0.1.max.js.map
amp-truncate-text-latest.max.js
amp-twitter-0.1.max.js
amp-twitter-0.1.max.js.map
amp-twitter-1.0.max.js
amp-twitter-1.0.max.js.map
amp-twitter-latest.max.js
amp-user-notification-0.1.max.js
amp-user-notification-0.1.max.js.map
amp-user-notification-latest.max.js
amp-video-0.1.max.js
amp-video-0.1.max.js.map
amp-video-1.0.max.js
amp-video-1.0.max.js.map
amp-video-docking-0.1.max.js
amp-video-docking-0.1.max.js.map
amp-video-docking-latest.max.js
amp-video-iframe-0.1.max.js
amp-video-iframe-0.1.max.js.map
amp-video-iframe-1.0.max.js
amp-video-iframe-1.0.max.js.map
amp-video-iframe-latest.max.js
amp-video-latest.max.js
amp-viewer-integration-0.1.max.js
amp-viewer-integration-0.1.max.js.map
amp-viewer-integration-latest.max.js
amp-vimeo-0.1.max.js
amp-vimeo-0.1.max.js.map
amp-vimeo-1.0.max.js
amp-vimeo-1.0.max.js.map
amp-vimeo-latest.max.js
amp-vine-0.1.max.js
amp-vine-0.1.max.js.map
amp-vine-latest.max.js
amp-viqeo-player-0.1.max.js
amp-viqeo-player-0.1.max.js.map
amp-viqeo-player-latest.max.js
amp-vk-0.1.max.js
amp-vk-0.1.max.js.map
amp-vk-latest.max.js
amp-web-push-0.1.max.js
amp-web-push-0.1.max.js.map
amp-web-push-latest.max.js
amp-wistia-player-0.1.max.js
amp-wistia-player-0.1.max.js.map
amp-wistia-player-latest.max.js
amp-wordpress-embed-1.0.max.js
amp-wordpress-embed-1.0.max.js.map
amp-wordpress-embed-latest.max.js
amp-yotpo-0.1.max.js
amp-yotpo-0.1.max.js.map
amp-yotpo-latest.max.js
amp-youtube-0.1.max.js
amp-youtube-0.1.max.js.map
amp-youtube-1.0.max.js
amp-youtube-1.0.max.js.map
amp-youtube-latest.max.js
analytics-vendors
bento-accordion-1.0.max.js
bento-accordion-1.0.max.js.map
bento-base-carousel-1.0.max.js
bento-base-carousel-1.0.max.js.map
bento-date-countdown-1.0.max.js
bento-date-countdown-1.0.max.js.map
bento-date-display-1.0.max.js
bento-date-display-1.0.max.js.map
bento-embedly-card-1.0.max.js
bento-embedly-card-1.0.max.js.map
bento-facebook-1.0.max.js
bento-facebook-1.0.max.js.map
bento-fit-text-1.0.max.js
bento-fit-text-1.0.max.js.map
bento-iframe-1.0.max.js
bento-iframe-1.0.max.js.map
bento-inline-gallery-1.0.max.js
bento-inline-gallery-1.0.max.js.map
bento-instagram-1.0.max.js
bento-instagram-1.0.max.js.map
bento-lightbox-1.0.max.js
bento-lightbox-1.0.max.js.map
bento-lightbox-gallery-1.0.max.js
bento-lightbox-gallery-1.0.max.js.map
bento-mathml-1.0.max.js
bento-mathml-1.0.max.js.map
bento-selector-1.0.max.js
bento-selector-1.0.max.js.map
bento-sidebar-1.0.max.js
bento-sidebar-1.0.max.js.map
bento-social-share-1.0.max.js
bento-social-share-1.0.max.js.map
bento-soundcloud-1.0.max.js
bento-soundcloud-1.0.max.js.map
bento-stream-gallery-1.0.max.js
bento-stream-gallery-1.0.max.js.map
bento-timeago-1.0.max.js
bento-timeago-1.0.max.js.map
bento-twitter-1.0.max.js
bento-twitter-1.0.max.js.map
bento-wordpress-embed-1.0.max.js
bento-wordpress-embed-1.0.max.js.map
bento-wordpress-embed-latest.max.js
brightcove-1.0.max.js
brightcove-1.0.max.js.map
dailymotion-1.0.max.js
dailymotion-1.0.max.js.map
examples
jwplayer-1.0.max.js
jwplayer-1.0.max.js.map
video-iframe-1.0.max.js
video-iframe-1.0.max.js.map
vimeo-1.0.max.js
vimeo-1.0.max.js.map
youtube-1.0.max.js
youtube-1.0.max.js.map

dist/v0/analytics-vendors:
_fake_.max.json
acquialift.max.json
adobeanalytics.max.json
adobeanalytics_nativeConfig.max.json
afsanalytics.max.json
alexametrics.max.json
amplitude.max.json
appsflyer.max.json
atinternet.max.json
baiduanalytics.max.json
bg.canary.max.json
bg.max.json
blackcrowai.max.json
blueconic.max.json
bluetriangle.max.json
browsi.max.json
burt.max.json
byside.max.json
captainmetrics.max.json
chartbeat.max.json
clicky.max.json
colanalytics.max.json
comscore.max.json
cxense.max.json
deepbi.max.json
dynatrace.max.json
epica.max.json
euleriananalytics.max.json
facebookpixel.max.json
gemius.max.json
gfksensic.max.json
googleadwords.max.json
googleanalytics.max.json
gtag.max.json
ibeatanalytics.max.json
infonline.max.json
infonline_anonymous.max.json
infonline_base.max.json
iplabel.max.json
keen.max.json
kenshoo.max.json
krux.max.json
linkpulse.max.json
lotame.max.json
mapp_intelligence.max.json
marinsoftware.max.json
mediametrie.max.json
mediarithmics.max.json
mediator.max.json
memo.max.json
metrika.max.json
moat.max.json
mobify.max.json
moengage.max.json
mparticle.max.json
mpulse.max.json
navegg.max.json
newrelic.max.json
nielsen-marketing-cloud.max.json
nielsen.max.json
oewa.max.json
oewadirect.max.json
oracleInfinityAnalytics.max.json
parsely.max.json
permutive.max.json
piStats.max.json
piano.max.json
pinpoll.max.json
ppasanalytics.max.json
pressboard.max.json
quantcast.max.json
rakam.max.json
reppublika.max.json
retargetly.max.json
rudderstack.max.json
segment.max.json
sensorsanalytics.max.json
shinystat.max.json
snowplow.max.json
snowplow_v2.max.json
subscriptions-propensity.max.json
taboola.max.json
tail.max.json
teaanalytics.max.json
tealiumcollect.max.json
top100.max.json
topmailru.max.json
treasuredata.max.json
umenganalytics.max.json
upscore.max.json
vponanalytics.max.json
webengage.max.json
webtrekk.max.json
webtrekk_v2.max.json

dist/v0/examples:
amp-viewer-host.max.js
amp-viewer-host.max.js.map
