// Reserialized version of demo_a4a_creative.html.
// Automatically generated by script.  Do not edit directly.

export const data = {
  reserialized: `
<!doctype html>
<html ⚡>
<head>
  <meta charset="utf-8">
  <link rel="canonical" href="./regular-html-version.html">
  <meta name="viewport" content="width=device-width,minimum-scale=1">
  <style amp-boilerplate>body{-webkit-animation:-amp-start 8s steps(1,end) 0s 1 normal both;-moz-animation:-amp-start 8s steps(1,end) 0s 1 normal both;-ms-animation:-amp-start 8s steps(1,end) 0s 1 normal both;animation:-amp-start 8s steps(1,end) 0s 1 normal both}@-webkit-keyframes -amp-start{from{visibility:hidden}to{visibility:visible}}@-moz-keyframes -amp-start{from{visibility:hidden}to{visibility:visible}}@-ms-keyframes -amp-start{from{visibility:hidden}to{visibility:visible}}@-o-keyframes -amp-start{from{visibility:hidden}to{visibility:visible}}@keyframes -amp-start{from{visibility:hidden}to{visibility:visible}}</style><noscript><style amp-boilerplate>body{-webkit-animation:none;-moz-animation:none;-ms-animation:none;animation:none}</style></noscript>
  <style amp-custom>
    p.frob{
      text-align: center;
      color: grey;
      font-size: small;
    }
  </style>
  <script async src="https://cdn.ampproject.org/v0.js"></script>
</head>
<body>
<amp-img src="https://upload.wikimedia.org/wikipedia/commons/f/f4/Rabbit-2.jpg" width="256" height="300"></amp-img>
<p class="frob">By Kayser Ahmad (Own work) [CC BY-SA 4.0 (http://creativecommons.org/licenses/by-sa/4.0)], via Wikimedia Commons</p>


<script type="application/json" amp-ad-metadata>
{
   "bodyAttributes" : "",
   "bodyUtf16CharOffsets" : [ 1152, 1404 ],
   "cssUtf16CharOffsets" : [ 974, 1064 ]
}
</script>
</body></html>`,

  original: `<!--
  Copyright 2016 The AMP HTML Authors. All Rights Reserved.

  Licensed under the Apache License, Version 2.0 (the "License");
  you may not use this file except in compliance with the License.
  You may obtain a copy of the License at

      http://www.apache.org/licenses/LICENSE-2.0

  Unless required by applicable law or agreed to in writing, software
  distributed under the License is distributed on an "AS-IS" BASIS,
  WITHOUT WARRANTIES OR CONDITIONS OF ANY KIND, either express or implied.
  See the License for the specific language governing permissions and
  limitations under the license.
-->
<!doctype html>
<html ⚡>
<head>
  <meta charset="utf-8">
  <link rel="canonical" href="./regular-html-version.html">
  <meta name="viewport" content="width=device-width,minimum-scale=1">
  <style amp-boilerplate>body{-webkit-animation:-amp-start 8s steps(1,end) 0s 1 normal both;-moz-animation:-amp-start 8s steps(1,end) 0s 1 normal both;-ms-animation:-amp-start 8s steps(1,end) 0s 1 normal both;animation:-amp-start 8s steps(1,end) 0s 1 normal both}@-webkit-keyframes -amp-start{from{visibility:hidden}to{visibility:visible}}@-moz-keyframes -amp-start{from{visibility:hidden}to{visibility:visible}}@-ms-keyframes -amp-start{from{visibility:hidden}to{visibility:visible}}@-o-keyframes -amp-start{from{visibility:hidden}to{visibility:visible}}@keyframes -amp-start{from{visibility:hidden}to{visibility:visible}}</style><noscript><style amp-boilerplate>body{-webkit-animation:none;-moz-animation:none;-ms-animation:none;animation:none}</style></noscript>
  <style amp-custom>
    p.frob{
      text-align: center;
      color: grey;
      font-size: small;
    }
  </style>
  <script async src="https://cdn.ampproject.org/v0.js"></script>
</head>
<body>
<amp-img src="https://upload.wikimedia.org/wikipedia/commons/f/f4/Rabbit-2.jpg" width="256" height="300"></amp-img>
<p class="frob">By Kayser Ahmad (Own work) [CC BY-SA 4.0 (http://creativecommons.org/licenses/by-sa/4.0)], via Wikimedia Commons</p>
</body>
</html>`,

  signature: `ACWMjZEOTA0lnDEmvLmUmaVPUAKYgIIJrpJvH3oJ5KhTaFrkhGc4PdXFylGrAQ86vZLAEZwE1mKIkwJ0eiw1K7kxg+0meNUxUrWRElSpYjHIwsF7GlEACWF5eCz7gXAlZTM3b/P6RW1DbiGm+WNJ7uvLumhFkQBW0RGClrL4VjQlIT7aH5nib8B3cqT+CZS1gThcv29KLIdCPUXpRQPwZlJi+4hngyxGkk6krNVN9QzZwLZpzATtTw3RJ32ddh0pmzNoQkCC+pUqPQZYdvvKHzfTpyJwGBYTYiWcI1C0AWd7i1QWIvh2Hr685ggqnKkMlk0RyLsuUfcd0xlN5CeQTqFmF9sf`,
};
